<?xml version="1.0" encoding="UTF-8"?>
<coverage generated="1781025686676" clover="3.2.0">
  <project timestamp="1781025686676" name="All files">
    <metrics statements="70" coveredstatements="70" conditionals="62" coveredconditionals="52" methods="14" coveredmethods="14" elements="146" coveredelements="136" complexity="0" loc="70" ncloc="70" packages="1" files="6" classes="6"/>
    <file name="bollinger.ts" path="/home/ubuntu/project/idx-stock-screener/packages/shared/src/indicators/bollinger.ts">
      <metrics statements="7" coveredstatements="7" conditionals="8" coveredconditionals="7" methods="2" coveredmethods="2"/>
      <line num="10" count="2" type="cond" truecount="5" falsecount="0"/>
      <line num="11" count="1" type="stmt"/>
      <line num="12" count="1" type="stmt"/>
      <line num="13" count="1" type="cond" truecount="1" falsecount="1"/>
      <line num="15" count="20" type="stmt"/>
      <line num="16" count="1" type="stmt"/>
      <line num="18" count="1" type="stmt"/>
    </file>
    <file name="index.ts" path="/home/ubuntu/project/idx-stock-screener/packages/shared/src/indicators/index.ts">
      <metrics statements="0" coveredstatements="0" conditionals="0" coveredconditionals="0" methods="0" coveredmethods="0"/>
    </file>
    <file name="ma.ts" path="/home/ubuntu/project/idx-stock-screener/packages/shared/src/indicators/ma.ts">
      <metrics statements="20" coveredstatements="20" conditionals="9" coveredconditionals="8" methods="7" coveredmethods="7"/>
      <line num="2" count="10" type="cond" truecount="3" falsecount="0"/>
      <line num="6" count="4" type="cond" truecount="2" falsecount="0"/>
      <line num="7" count="2" type="stmt"/>
      <line num="8" count="23" type="stmt"/>
      <line num="12" count="4" type="cond" truecount="2" falsecount="0"/>
      <line num="13" count="2" type="stmt"/>
      <line num="14" count="12" type="stmt"/>
      <line num="15" count="2" type="stmt"/>
      <line num="17" count="2" type="stmt"/>
      <line num="18" count="28" type="stmt"/>
      <line num="21" count="2" type="stmt"/>
      <line num="25" count="2" type="cond" truecount="1" falsecount="1"/>
      <line num="26" count="2" type="stmt"/>
      <line num="27" count="38" type="stmt"/>
      <line num="28" count="2" type="stmt"/>
      <line num="29" count="2" type="stmt"/>
      <line num="31" count="2" type="stmt"/>
      <line num="32" count="82" type="stmt"/>
      <line num="33" count="82" type="stmt"/>
      <line num="36" count="2" type="stmt"/>
    </file>
    <file name="macd.ts" path="/home/ubuntu/project/idx-stock-screener/packages/shared/src/indicators/macd.ts">
      <metrics statements="13" coveredstatements="13" conditionals="12" coveredconditionals="8" methods="2" coveredmethods="2"/>
      <line num="10" count="2" type="cond" truecount="2" falsecount="0"/>
      <line num="12" count="1" type="stmt"/>
      <line num="13" count="1" type="stmt"/>
      <line num="14" count="1" type="cond" truecount="3" falsecount="1"/>
      <line num="16" count="1" type="stmt"/>
      <line num="17" count="1" type="stmt"/>
      <line num="18" count="35" type="stmt"/>
      <line num="19" count="35" type="cond" truecount="1" falsecount="1"/>
      <line num="21" count="1" type="stmt"/>
      <line num="22" count="1" type="cond" truecount="1" falsecount="1"/>
      <line num="24" count="1" type="stmt"/>
      <line num="25" count="1" type="cond" truecount="1" falsecount="1"/>
      <line num="26" count="1" type="stmt"/>
    </file>
    <file name="rsi.ts" path="/home/ubuntu/project/idx-stock-screener/packages/shared/src/indicators/rsi.ts">
      <metrics statements="25" coveredstatements="25" conditionals="22" coveredconditionals="19" methods="1" coveredmethods="1"/>
      <line num="2" count="4" type="cond" truecount="5" falsecount="0"/>
      <line num="4" count="3" type="stmt"/>
      <line num="5" count="3" type="stmt"/>
      <line num="7" count="3" type="stmt"/>
      <line num="8" count="42" type="stmt"/>
      <line num="9" count="42" type="stmt"/>
      <line num="10" count="42" type="cond" truecount="3" falsecount="1"/>
      <line num="11" count="42" type="stmt"/>
      <line num="12" count="42" type="cond" truecount="2" falsecount="0"/>
      <line num="13" count="18" type="stmt"/>
      <line num="16" count="3" type="stmt"/>
      <line num="17" count="3" type="stmt"/>
      <line num="19" count="3" type="stmt"/>
      <line num="20" count="13" type="stmt"/>
      <line num="21" count="13" type="stmt"/>
      <line num="22" count="13" type="cond" truecount="3" falsecount="1"/>
      <line num="23" count="13" type="stmt"/>
      <line num="24" count="13" type="stmt"/>
      <line num="25" count="13" type="stmt"/>
      <line num="26" count="13" type="stmt"/>
      <line num="27" count="13" type="stmt"/>
      <line num="30" count="3" type="cond" truecount="3" falsecount="1"/>
      <line num="31" count="2" type="cond" truecount="2" falsecount="0"/>
      <line num="33" count="1" type="stmt"/>
      <line num="34" count="1" type="stmt"/>
    </file>
    <file name="volume.ts" path="/home/ubuntu/project/idx-stock-screener/packages/shared/src/indicators/volume.ts">
      <metrics statements="5" coveredstatements="5" conditionals="11" coveredconditionals="10" methods="2" coveredmethods="2"/>
      <line num="2" count="3" type="cond" truecount="5" falsecount="1"/>
      <line num="3" count="3" type="cond" truecount="2" falsecount="0"/>
      <line num="4" count="2" type="stmt"/>
      <line num="5" count="40" type="stmt"/>
      <line num="6" count="2" type="cond" truecount="2" falsecount="0"/>
    </file>
  </project>
</coverage>
