{"/home/ubuntu/project/idx-stock-screener/packages/shared/src/indicators/bollinger.ts": {"path":"/home/ubuntu/project/idx-stock-screener/packages/shared/src/indicators/bollinger.ts","statementMap":{"0":{"start":{"line":10,"column":2},"end":{"line":10,"column":null}},"1":{"start":{"line":10,"column":74},"end":{"line":10,"column":null}},"2":{"start":{"line":11,"column":17},"end":{"line":11,"column":null}},"3":{"start":{"line":12,"column":8},"end":{"line":12,"column":null}},"4":{"start":{"line":13,"column":2},"end":{"line":13,"column":null}},"5":{"start":{"line":13,"column":23},"end":{"line":13,"column":null}},"6":{"start":{"line":15,"column":19},"end":{"line":15,"column":null}},"7":{"start":{"line":15,"column":49},"end":{"line":15,"column":78}},"8":{"start":{"line":16,"column":28},"end":{"line":16,"column":null}},"9":{"start":{"line":18,"column":2},"end":{"line":22,"column":null}}},"fnMap":{"0":{"name":"calculateBollinger","decl":{"start":{"line":9,"column":16},"end":{"line":9,"column":35}},"loc":{"start":{"line":9,"column":98},"end":{"line":23,"column":null}},"line":9},"1":{"name":"(anonymous_1)","decl":{"start":{"line":15,"column":26},"end":{"line":15,"column":34}},"loc":{"start":{"line":15,"column":49},"end":{"line":15,"column":78}},"line":15}},"branchMap":{"0":{"loc":{"start":{"line":9,"column":62},"end":{"line":9,"column":98}},"type":"default-arg","locations":[{"start":{"line":9,"column":71},"end":{"line":9,"column":98}}],"line":9},"1":{"loc":{"start":{"line":10,"column":2},"end":{"line":10,"column":null}},"type":"if","locations":[{"start":{"line":10,"column":2},"end":{"line":10,"column":null}},{"start":{},"end":{}}],"line":10},"2":{"loc":{"start":{"line":10,"column":6},"end":{"line":10,"column":74}},"type":"binary-expr","locations":[{"start":{"line":10,"column":6},"end":{"line":10,"column":35}},{"start":{"line":10,"column":35},"end":{"line":10,"column":50}},{"start":{"line":10,"column":50},"end":{"line":10,"column":74}}],"line":10},"3":{"loc":{"start":{"line":13,"column":2},"end":{"line":13,"column":null}},"type":"if","locations":[{"start":{"line":13,"column":2},"end":{"line":13,"column":null}},{"start":{},"end":{}}],"line":13}},"s":{"0":2,"1":1,"2":1,"3":1,"4":1,"5":0,"6":1,"7":20,"8":1,"9":1},"f":{"0":2,"1":20},"b":{"0":[2],"1":[1,1],"2":[2,2,2],"3":[0,1]},"meta":{"lastBranch":4,"lastFunction":2,"lastStatement":10,"seen":{"f:9:16:9:35":0,"b:9:71:9:98":0,"b:10:2:10:Infinity:undefined:undefined:undefined:undefined":1,"s:10:2:10:Infinity":0,"b:10:6:10:35:10:35:10:50:10:50:10:74":2,"s:10:74:10:Infinity":1,"s:11:17:11:Infinity":2,"s:12:8:12:Infinity":3,"b:13:2:13:Infinity:undefined:undefined:undefined:undefined":3,"s:13:2:13:Infinity":4,"s:13:23:13:Infinity":5,"s:15:19:15:Infinity":6,"f:15:26:15:34":1,"s:15:49:15:78":7,"s:16:28:16:Infinity":8,"s:18:2:22:Infinity":9}}}
,"/home/ubuntu/project/idx-stock-screener/packages/shared/src/indicators/index.ts": {"path":"/home/ubuntu/project/idx-stock-screener/packages/shared/src/indicators/index.ts","statementMap":{},"fnMap":{},"branchMap":{},"s":{},"f":{},"b":{},"meta":{"lastBranch":0,"lastFunction":0,"lastStatement":0,"seen":{}}}
,"/home/ubuntu/project/idx-stock-screener/packages/shared/src/indicators/ma.ts": {"path":"/home/ubuntu/project/idx-stock-screener/packages/shared/src/indicators/ma.ts","statementMap":{"0":{"start":{"line":2,"column":2},"end":{"line":2,"column":null}},"1":{"start":{"line":6,"column":2},"end":{"line":6,"column":null}},"2":{"start":{"line":6,"column":39},"end":{"line":6,"column":null}},"3":{"start":{"line":7,"column":17},"end":{"line":7,"column":null}},"4":{"start":{"line":8,"column":2},"end":{"line":8,"column":null}},"5":{"start":{"line":8,"column":39},"end":{"line":8,"column":52}},"6":{"start":{"line":12,"column":2},"end":{"line":12,"column":null}},"7":{"start":{"line":12,"column":39},"end":{"line":12,"column":null}},"8":{"start":{"line":13,"column":21},"end":{"line":13,"column":null}},"9":{"start":{"line":14,"column":12},"end":{"line":14,"column":null}},"10":{"start":{"line":14,"column":46},"end":{"line":14,"column":59}},"11":{"start":{"line":15,"column":21},"end":{"line":15,"column":null}},"12":{"start":{"line":17,"column":2},"end":{"line":19,"column":null}},"13":{"start":{"line":18,"column":4},"end":{"line":18,"column":null}},"14":{"start":{"line":21,"column":2},"end":{"line":21,"column":null}},"15":{"start":{"line":25,"column":2},"end":{"line":25,"column":null}},"16":{"start":{"line":25,"column":39},"end":{"line":25,"column":null}},"17":{"start":{"line":26,"column":21},"end":{"line":26,"column":null}},"18":{"start":{"line":27,"column":12},"end":{"line":27,"column":null}},"19":{"start":{"line":27,"column":46},"end":{"line":27,"column":59}},"20":{"start":{"line":28,"column":21},"end":{"line":28,"column":null}},"21":{"start":{"line":29,"column":17},"end":{"line":29,"column":null}},"22":{"start":{"line":31,"column":2},"end":{"line":34,"column":null}},"23":{"start":{"line":32,"column":4},"end":{"line":32,"column":null}},"24":{"start":{"line":33,"column":4},"end":{"line":33,"column":null}},"25":{"start":{"line":36,"column":2},"end":{"line":36,"column":null}}},"fnMap":{"0":{"name":"hasValidPeriod","decl":{"start":{"line":1,"column":9},"end":{"line":1,"column":24}},"loc":{"start":{"line":1,"column":76},"end":{"line":3,"column":null}},"line":1},"1":{"name":"calculateSMA","decl":{"start":{"line":5,"column":16},"end":{"line":5,"column":29}},"loc":{"start":{"line":5,"column":87},"end":{"line":9,"column":null}},"line":5},"2":{"name":"(anonymous_2)","decl":{"start":{"line":8,"column":16},"end":{"line":8,"column":24}},"loc":{"start":{"line":8,"column":39},"end":{"line":8,"column":52}},"line":8},"3":{"name":"calculateEMA","decl":{"start":{"line":11,"column":16},"end":{"line":11,"column":29}},"loc":{"start":{"line":11,"column":87},"end":{"line":22,"column":null}},"line":11},"4":{"name":"(anonymous_4)","decl":{"start":{"line":14,"column":23},"end":{"line":14,"column":31}},"loc":{"start":{"line":14,"column":46},"end":{"line":14,"column":59}},"line":14},"5":{"name":"calculateEMASeries","decl":{"start":{"line":24,"column":16},"end":{"line":24,"column":35}},"loc":{"start":{"line":24,"column":88},"end":{"line":37,"column":null}},"line":24},"6":{"name":"(anonymous_6)","decl":{"start":{"line":27,"column":23},"end":{"line":27,"column":31}},"loc":{"start":{"line":27,"column":46},"end":{"line":27,"column":59}},"line":27}},"branchMap":{"0":{"loc":{"start":{"line":2,"column":9},"end":{"line":2,"column":null}},"type":"binary-expr","locations":[{"start":{"line":2,"column":9},"end":{"line":2,"column":37}},{"start":{"line":2,"column":37},"end":{"line":2,"column":51}},{"start":{"line":2,"column":51},"end":{"line":2,"column":null}}],"line":2},"1":{"loc":{"start":{"line":6,"column":2},"end":{"line":6,"column":null}},"type":"if","locations":[{"start":{"line":6,"column":2},"end":{"line":6,"column":null}},{"start":{},"end":{}}],"line":6},"2":{"loc":{"start":{"line":12,"column":2},"end":{"line":12,"column":null}},"type":"if","locations":[{"start":{"line":12,"column":2},"end":{"line":12,"column":null}},{"start":{},"end":{}}],"line":12},"3":{"loc":{"start":{"line":25,"column":2},"end":{"line":25,"column":null}},"type":"if","locations":[{"start":{"line":25,"column":2},"end":{"line":25,"column":null}},{"start":{},"end":{}}],"line":25}},"s":{"0":10,"1":4,"2":2,"3":2,"4":2,"5":23,"6":4,"7":2,"8":2,"9":2,"10":12,"11":2,"12":2,"13":28,"14":2,"15":2,"16":0,"17":2,"18":2,"19":38,"20":2,"21":2,"22":2,"23":82,"24":82,"25":2},"f":{"0":10,"1":4,"2":23,"3":4,"4":12,"5":2,"6":38},"b":{"0":[10,10,8],"1":[2,2],"2":[2,2],"3":[0,2]},"meta":{"lastBranch":4,"lastFunction":7,"lastStatement":26,"seen":{"f:1:9:1:24":0,"s:2:2:2:Infinity":0,"b:2:9:2:37:2:37:2:51:2:51:2:Infinity":0,"f:5:16:5:29":1,"b:6:2:6:Infinity:undefined:undefined:undefined:undefined":1,"s:6:2:6:Infinity":1,"s:6:39:6:Infinity":2,"s:7:17:7:Infinity":3,"s:8:2:8:Infinity":4,"f:8:16:8:24":2,"s:8:39:8:52":5,"f:11:16:11:29":3,"b:12:2:12:Infinity:undefined:undefined:undefined:undefined":2,"s:12:2:12:Infinity":6,"s:12:39:12:Infinity":7,"s:13:21:13:Infinity":8,"s:14:12:14:Infinity":9,"f:14:23:14:31":4,"s:14:46:14:59":10,"s:15:21:15:Infinity":11,"s:17:2:19:Infinity":12,"s:18:4:18:Infinity":13,"s:21:2:21:Infinity":14,"f:24:16:24:35":5,"b:25:2:25:Infinity:undefined:undefined:undefined:undefined":3,"s:25:2:25:Infinity":15,"s:25:39:25:Infinity":16,"s:26:21:26:Infinity":17,"s:27:12:27:Infinity":18,"f:27:23:27:31":6,"s:27:46:27:59":19,"s:28:21:28:Infinity":20,"s:29:17:29:Infinity":21,"s:31:2:34:Infinity":22,"s:32:4:32:Infinity":23,"s:33:4:33:Infinity":24,"s:36:2:36:Infinity":25}}}
,"/home/ubuntu/project/idx-stock-screener/packages/shared/src/indicators/macd.ts": {"path":"/home/ubuntu/project/idx-stock-screener/packages/shared/src/indicators/macd.ts","statementMap":{"0":{"start":{"line":10,"column":2},"end":{"line":10,"column":null}},"1":{"start":{"line":10,"column":26},"end":{"line":10,"column":null}},"2":{"start":{"line":12,"column":8},"end":{"line":12,"column":null}},"3":{"start":{"line":13,"column":8},"end":{"line":13,"column":null}},"4":{"start":{"line":14,"column":2},"end":{"line":14,"column":null}},"5":{"start":{"line":14,"column":60},"end":{"line":14,"column":null}},"6":{"start":{"line":16,"column":17},"end":{"line":16,"column":null}},"7":{"start":{"line":17,"column":21},"end":{"line":20,"column":null}},"8":{"start":{"line":18,"column":18},"end":{"line":18,"column":null}},"9":{"start":{"line":19,"column":4},"end":{"line":19,"column":null}},"10":{"start":{"line":21,"column":8},"end":{"line":21,"column":null}},"11":{"start":{"line":22,"column":2},"end":{"line":22,"column":null}},"12":{"start":{"line":22,"column":23},"end":{"line":22,"column":null}},"13":{"start":{"line":24,"column":15},"end":{"line":24,"column":null}},"14":{"start":{"line":25,"column":2},"end":{"line":25,"column":null}},"15":{"start":{"line":25,"column":26},"end":{"line":25,"column":null}},"16":{"start":{"line":26,"column":2},"end":{"line":30,"column":null}}},"fnMap":{"0":{"name":"calculateMACD","decl":{"start":{"line":9,"column":16},"end":{"line":9,"column":30}},"loc":{"start":{"line":9,"column":76},"end":{"line":31,"column":null}},"line":9},"1":{"name":"(anonymous_1)","decl":{"start":{"line":17,"column":33},"end":{"line":17,"column":42}},"loc":{"start":{"line":17,"column":59},"end":{"line":20,"column":3}},"line":17}},"branchMap":{"0":{"loc":{"start":{"line":10,"column":2},"end":{"line":10,"column":null}},"type":"if","locations":[{"start":{"line":10,"column":2},"end":{"line":10,"column":null}},{"start":{},"end":{}}],"line":10},"1":{"loc":{"start":{"line":14,"column":2},"end":{"line":14,"column":null}},"type":"if","locations":[{"start":{"line":14,"column":2},"end":{"line":14,"column":null}},{"start":{},"end":{}}],"line":14},"2":{"loc":{"start":{"line":14,"column":6},"end":{"line":14,"column":60}},"type":"binary-expr","locations":[{"start":{"line":14,"column":6},"end":{"line":14,"column":34}},{"start":{"line":14,"column":34},"end":{"line":14,"column":60}}],"line":14},"3":{"loc":{"start":{"line":19,"column":11},"end":{"line":19,"column":null}},"type":"cond-expr","locations":[{"start":{"line":19,"column":33},"end":{"line":19,"column":38}},{"start":{"line":19,"column":38},"end":{"line":19,"column":null}}],"line":19},"4":{"loc":{"start":{"line":22,"column":2},"end":{"line":22,"column":null}},"type":"if","locations":[{"start":{"line":22,"column":2},"end":{"line":22,"column":null}},{"start":{},"end":{}}],"line":22},"5":{"loc":{"start":{"line":25,"column":2},"end":{"line":25,"column":null}},"type":"if","locations":[{"start":{"line":25,"column":2},"end":{"line":25,"column":null}},{"start":{},"end":{}}],"line":25}},"s":{"0":2,"1":1,"2":1,"3":1,"4":1,"5":0,"6":1,"7":1,"8":35,"9":35,"10":1,"11":1,"12":0,"13":1,"14":1,"15":0,"16":1},"f":{"0":2,"1":35},"b":{"0":[1,1],"1":[0,1],"2":[1,1],"3":[0,35],"4":[0,1],"5":[0,1]},"meta":{"lastBranch":6,"lastFunction":2,"lastStatement":17,"seen":{"f:9:16:9:30":0,"b:10:2:10:Infinity:undefined:undefined:undefined:undefined":0,"s:10:2:10:Infinity":0,"s:10:26:10:Infinity":1,"s:12:8:12:Infinity":2,"s:13:8:13:Infinity":3,"b:14:2:14:Infinity:undefined:undefined:undefined:undefined":1,"s:14:2:14:Infinity":4,"b:14:6:14:34:14:34:14:60":2,"s:14:60:14:Infinity":5,"s:16:17:16:Infinity":6,"s:17:21:20:Infinity":7,"f:17:33:17:42":1,"s:18:18:18:Infinity":8,"s:19:4:19:Infinity":9,"b:19:33:19:38:19:38:19:Infinity":3,"s:21:8:21:Infinity":10,"b:22:2:22:Infinity:undefined:undefined:undefined:undefined":4,"s:22:2:22:Infinity":11,"s:22:23:22:Infinity":12,"s:24:15:24:Infinity":13,"b:25:2:25:Infinity:undefined:undefined:undefined:undefined":5,"s:25:2:25:Infinity":14,"s:25:26:25:Infinity":15,"s:26:2:30:Infinity":16}}}
,"/home/ubuntu/project/idx-stock-screener/packages/shared/src/indicators/rsi.ts": {"path":"/home/ubuntu/project/idx-stock-screener/packages/shared/src/indicators/rsi.ts","statementMap":{"0":{"start":{"line":2,"column":2},"end":{"line":2,"column":null}},"1":{"start":{"line":2,"column":78},"end":{"line":2,"column":null}},"2":{"start":{"line":4,"column":20},"end":{"line":4,"column":null}},"3":{"start":{"line":5,"column":20},"end":{"line":5,"column":null}},"4":{"start":{"line":7,"column":2},"end":{"line":14,"column":null}},"5":{"start":{"line":7,"column":19},"end":{"line":7,"column":22}},"6":{"start":{"line":8,"column":20},"end":{"line":8,"column":null}},"7":{"start":{"line":9,"column":21},"end":{"line":9,"column":null}},"8":{"start":{"line":10,"column":4},"end":{"line":10,"column":null}},"9":{"start":{"line":10,"column":57},"end":{"line":10,"column":null}},"10":{"start":{"line":11,"column":19},"end":{"line":11,"column":null}},"11":{"start":{"line":12,"column":4},"end":{"line":13,"column":null}},"12":{"start":{"line":12,"column":21},"end":{"line":12,"column":null}},"13":{"start":{"line":13,"column":9},"end":{"line":13,"column":null}},"14":{"start":{"line":16,"column":2},"end":{"line":16,"column":null}},"15":{"start":{"line":17,"column":2},"end":{"line":17,"column":null}},"16":{"start":{"line":19,"column":2},"end":{"line":28,"column":null}},"17":{"start":{"line":19,"column":19},"end":{"line":19,"column":31}},"18":{"start":{"line":20,"column":20},"end":{"line":20,"column":null}},"19":{"start":{"line":21,"column":21},"end":{"line":21,"column":null}},"20":{"start":{"line":22,"column":4},"end":{"line":22,"column":null}},"21":{"start":{"line":22,"column":57},"end":{"line":22,"column":null}},"22":{"start":{"line":23,"column":19},"end":{"line":23,"column":null}},"23":{"start":{"line":24,"column":17},"end":{"line":24,"column":null}},"24":{"start":{"line":25,"column":17},"end":{"line":25,"column":null}},"25":{"start":{"line":26,"column":4},"end":{"line":26,"column":null}},"26":{"start":{"line":27,"column":4},"end":{"line":27,"column":null}},"27":{"start":{"line":30,"column":2},"end":{"line":30,"column":null}},"28":{"start":{"line":30,"column":25},"end":{"line":30,"column":null}},"29":{"start":{"line":31,"column":2},"end":{"line":31,"column":null}},"30":{"start":{"line":31,"column":25},"end":{"line":31,"column":null}},"31":{"start":{"line":33,"column":27},"end":{"line":33,"column":null}},"32":{"start":{"line":34,"column":2},"end":{"line":34,"column":null}}},"fnMap":{"0":{"name":"calculateRSI","decl":{"start":{"line":1,"column":16},"end":{"line":1,"column":29}},"loc":{"start":{"line":1,"column":84},"end":{"line":35,"column":null}},"line":1}},"branchMap":{"0":{"loc":{"start":{"line":1,"column":56},"end":{"line":1,"column":84}},"type":"default-arg","locations":[{"start":{"line":1,"column":65},"end":{"line":1,"column":84}}],"line":1},"1":{"loc":{"start":{"line":2,"column":2},"end":{"line":2,"column":null}},"type":"if","locations":[{"start":{"line":2,"column":2},"end":{"line":2,"column":null}},{"start":{},"end":{}}],"line":2},"2":{"loc":{"start":{"line":2,"column":6},"end":{"line":2,"column":78}},"type":"binary-expr","locations":[{"start":{"line":2,"column":6},"end":{"line":2,"column":35}},{"start":{"line":2,"column":35},"end":{"line":2,"column":50}},{"start":{"line":2,"column":50},"end":{"line":2,"column":78}}],"line":2},"3":{"loc":{"start":{"line":10,"column":4},"end":{"line":10,"column":null}},"type":"if","locations":[{"start":{"line":10,"column":4},"end":{"line":10,"column":null}},{"start":{},"end":{}}],"line":10},"4":{"loc":{"start":{"line":10,"column":8},"end":{"line":10,"column":57}},"type":"binary-expr","locations":[{"start":{"line":10,"column":8},"end":{"line":10,"column":33}},{"start":{"line":10,"column":33},"end":{"line":10,"column":57}}],"line":10},"5":{"loc":{"start":{"line":12,"column":4},"end":{"line":13,"column":null}},"type":"if","locations":[{"start":{"line":12,"column":4},"end":{"line":13,"column":null}},{"start":{"line":13,"column":9},"end":{"line":13,"column":null}}],"line":12},"6":{"loc":{"start":{"line":22,"column":4},"end":{"line":22,"column":null}},"type":"if","locations":[{"start":{"line":22,"column":4},"end":{"line":22,"column":null}},{"start":{},"end":{}}],"line":22},"7":{"loc":{"start":{"line":22,"column":8},"end":{"line":22,"column":57}},"type":"binary-expr","locations":[{"start":{"line":22,"column":8},"end":{"line":22,"column":33}},{"start":{"line":22,"column":33},"end":{"line":22,"column":57}}],"line":22},"8":{"loc":{"start":{"line":30,"column":2},"end":{"line":30,"column":null}},"type":"if","locations":[{"start":{"line":30,"column":2},"end":{"line":30,"column":null}},{"start":{},"end":{}}],"line":30},"9":{"loc":{"start":{"line":30,"column":32},"end":{"line":30,"column":null}},"type":"cond-expr","locations":[{"start":{"line":30,"column":52},"end":{"line":30,"column":57}},{"start":{"line":30,"column":57},"end":{"line":30,"column":null}}],"line":30},"10":{"loc":{"start":{"line":31,"column":2},"end":{"line":31,"column":null}},"type":"if","locations":[{"start":{"line":31,"column":2},"end":{"line":31,"column":null}},{"start":{},"end":{}}],"line":31}},"s":{"0":4,"1":1,"2":3,"3":3,"4":3,"5":3,"6":42,"7":42,"8":42,"9":0,"10":42,"11":42,"12":24,"13":18,"14":3,"15":3,"16":3,"17":3,"18":13,"19":13,"20":13,"21":0,"22":13,"23":13,"24":13,"25":13,"26":13,"27":3,"28":3,"29":2,"30":2,"31":1,"32":1},"f":{"0":4},"b":{"0":[4],"1":[1,3],"2":[4,4,4],"3":[0,42],"4":[42,42],"5":[24,18],"6":[0,13],"7":[13,13],"8":[1,2],"9":[0,1],"10":[1,1]},"meta":{"lastBranch":11,"lastFunction":1,"lastStatement":33,"seen":{"f:1:16:1:29":0,"b:1:65:1:84":0,"b:2:2:2:Infinity:undefined:undefined:undefined:undefined":1,"s:2:2:2:Infinity":0,"b:2:6:2:35:2:35:2:50:2:50:2:78":2,"s:2:78:2:Infinity":1,"s:4:20:4:Infinity":2,"s:5:20:5:Infinity":3,"s:7:2:14:Infinity":4,"s:7:19:7:22":5,"s:8:20:8:Infinity":6,"s:9:21:9:Infinity":7,"b:10:4:10:Infinity:undefined:undefined:undefined:undefined":3,"s:10:4:10:Infinity":8,"b:10:8:10:33:10:33:10:57":4,"s:10:57:10:Infinity":9,"s:11:19:11:Infinity":10,"b:12:4:13:Infinity:13:9:13:Infinity":5,"s:12:4:13:Infinity":11,"s:12:21:12:Infinity":12,"s:13:9:13:Infinity":13,"s:16:2:16:Infinity":14,"s:17:2:17:Infinity":15,"s:19:2:28:Infinity":16,"s:19:19:19:31":17,"s:20:20:20:Infinity":18,"s:21:21:21:Infinity":19,"b:22:4:22:Infinity:undefined:undefined:undefined:undefined":6,"s:22:4:22:Infinity":20,"b:22:8:22:33:22:33:22:57":7,"s:22:57:22:Infinity":21,"s:23:19:23:Infinity":22,"s:24:17:24:Infinity":23,"s:25:17:25:Infinity":24,"s:26:4:26:Infinity":25,"s:27:4:27:Infinity":26,"b:30:2:30:Infinity:undefined:undefined:undefined:undefined":8,"s:30:2:30:Infinity":27,"s:30:25:30:Infinity":28,"b:30:52:30:57:30:57:30:Infinity":9,"b:31:2:31:Infinity:undefined:undefined:undefined:undefined":10,"s:31:2:31:Infinity":29,"s:31:25:31:Infinity":30,"s:33:27:33:Infinity":31,"s:34:2:34:Infinity":32}}}
,"/home/ubuntu/project/idx-stock-screener/packages/shared/src/indicators/volume.ts": {"path":"/home/ubuntu/project/idx-stock-screener/packages/shared/src/indicators/volume.ts","statementMap":{"0":{"start":{"line":2,"column":2},"end":{"line":2,"column":null}},"1":{"start":{"line":2,"column":101},"end":{"line":2,"column":null}},"2":{"start":{"line":3,"column":2},"end":{"line":3,"column":null}},"3":{"start":{"line":3,"column":27},"end":{"line":3,"column":null}},"4":{"start":{"line":4,"column":19},"end":{"line":4,"column":null}},"5":{"start":{"line":5,"column":24},"end":{"line":5,"column":null}},"6":{"start":{"line":5,"column":57},"end":{"line":5,"column":71}},"7":{"start":{"line":6,"column":2},"end":{"line":6,"column":null}}},"fnMap":{"0":{"name":"isVolumeSurge","decl":{"start":{"line":1,"column":16},"end":{"line":1,"column":30}},"loc":{"start":{"line":1,"column":101},"end":{"line":7,"column":null}},"line":1},"1":{"name":"(anonymous_1)","decl":{"start":{"line":5,"column":33},"end":{"line":5,"column":41}},"loc":{"start":{"line":5,"column":57},"end":{"line":5,"column":71}},"line":5}},"branchMap":{"0":{"loc":{"start":{"line":1,"column":80},"end":{"line":1,"column":101}},"type":"default-arg","locations":[{"start":{"line":1,"column":89},"end":{"line":1,"column":101}}],"line":1},"1":{"loc":{"start":{"line":2,"column":2},"end":{"line":2,"column":null}},"type":"if","locations":[{"start":{"line":2,"column":2},"end":{"line":2,"column":null}},{"start":{},"end":{}}],"line":2},"2":{"loc":{"start":{"line":2,"column":6},"end":{"line":2,"column":101}},"type":"binary-expr","locations":[{"start":{"line":2,"column":6},"end":{"line":2,"column":40}},{"start":{"line":2,"column":40},"end":{"line":2,"column":60}},{"start":{"line":2,"column":60},"end":{"line":2,"column":88}},{"start":{"line":2,"column":88},"end":{"line":2,"column":101}}],"line":2},"3":{"loc":{"start":{"line":3,"column":2},"end":{"line":3,"column":null}},"type":"if","locations":[{"start":{"line":3,"column":2},"end":{"line":3,"column":null}},{"start":{},"end":{}}],"line":3},"4":{"loc":{"start":{"line":6,"column":9},"end":{"line":6,"column":null}},"type":"binary-expr","locations":[{"start":{"line":6,"column":9},"end":{"line":6,"column":30}},{"start":{"line":6,"column":30},"end":{"line":6,"column":null}}],"line":6}},"s":{"0":3,"1":0,"2":3,"3":1,"4":2,"5":2,"6":40,"7":2},"f":{"0":3,"1":40},"b":{"0":[3],"1":[0,3],"2":[3,3,3,3],"3":[1,2],"4":[2,2]},"meta":{"lastBranch":5,"lastFunction":2,"lastStatement":8,"seen":{"f:1:16:1:30":0,"b:1:89:1:101":0,"b:2:2:2:Infinity:undefined:undefined:undefined:undefined":1,"s:2:2:2:Infinity":0,"b:2:6:2:40:2:40:2:60:2:60:2:88:2:88:2:101":2,"s:2:101:2:Infinity":1,"b:3:2:3:Infinity:undefined:undefined:undefined:undefined":3,"s:3:2:3:Infinity":2,"s:3:27:3:Infinity":3,"s:4:19:4:Infinity":4,"s:5:24:5:Infinity":5,"f:5:33:5:41":1,"s:5:57:5:71":6,"s:6:2:6:Infinity":7,"b:6:9:6:30:6:30:6:Infinity":4}}}
}
